<?xml version="1.0" encoding="UTF-8"?>
<!-- Generated by org.testng.reporters.JUnitReportReporter -->
<testsuite hostname="Ravali" failures="0" tests="1" name="customersupport.TC_CUSTOMERSUPPORT_001" time="27.079" errors="0" timestamp="23 Jul 2021 13:39:43 GMT" skipped="0">
  <testcase classname="customersupport.TC_CUSTOMERSUPPORT_001" name="hoverable" time="27.079"/>
</testsuite> <!-- customersupport.TC_CUSTOMERSUPPORT_001 -->
