<?xml version="1.0" encoding="UTF-8"?>
<!-- Generated by org.testng.reporters.JUnitReportReporter -->
<testsuite hostname="Ravali" failures="0" tests="1" name="addtocart.TC_CART_004" time="19.544" errors="0" timestamp="23 Jul 2021 13:37:08 GMT" skipped="0">
  <testcase classname="addtocart.TC_CART_004" name="savelater" time="19.544"/>
</testsuite> <!-- addtocart.TC_CART_004 -->
