<?xml version="1.0" encoding="UTF-8"?>
<!-- Generated by org.testng.reporters.JUnitReportReporter -->
<testsuite hostname="Ravali" failures="0" tests="1" name="customersupport.TC_CUSTOMERSUPPORT_003" time="32.465" errors="0" timestamp="23 Jul 2021 13:42:01 GMT" skipped="0">
  <testcase classname="customersupport.TC_CUSTOMERSUPPORT_003" name="hoverable" time="32.465"/>
</testsuite> <!-- customersupport.TC_CUSTOMERSUPPORT_003 -->
