<?xml version="1.0" encoding="UTF-8"?>
<!-- Generated by org.testng.reporters.JUnitReportReporter -->
<testsuite hostname="Ravali" failures="0" tests="1" name="addtocart.TC_CART_007" time="24.002" errors="0" timestamp="22 Jul 2021 10:54:11 GMT" skipped="0">
  <testcase classname="addtocart.TC_CART_007" name="addquantity" time="24.002"/>
</testsuite> <!-- addtocart.TC_CART_007 -->
