<?xml version="1.0" encoding="UTF-8"?>
<!-- Generated by org.testng.reporters.JUnitReportReporter -->
<testsuite hostname="Ravali" failures="0" tests="1" name="addtocart.TC_CART_006" time="23.203" errors="0" timestamp="23 Jul 2021 13:38:37 GMT" skipped="0">
  <testcase classname="addtocart.TC_CART_006" name="addquantity" time="23.203"/>
</testsuite> <!-- addtocart.TC_CART_006 -->
