<?xml version="1.0" encoding="UTF-8"?>
<!-- Generated by org.testng.reporters.JUnitReportReporter -->
<testsuite hostname="Ravali" failures="0" tests="1" name="addtocart.TC_CART_005" time="25.800" errors="0" timestamp="23 Jul 2021 13:37:54 GMT" skipped="0">
  <testcase classname="addtocart.TC_CART_005" name="remove" time="25.800"/>
</testsuite> <!-- addtocart.TC_CART_005 -->
