<?xml version="1.0" encoding="UTF-8"?>
<!-- Generated by org.testng.reporters.JUnitReportReporter -->
<testsuite hostname="Ravali" failures="0" tests="1" name="searchproduct.TC_SEARCH_003" time="18.498" errors="0" timestamp="23 Jul 2021 13:30:38 GMT" skipped="0">
  <testcase classname="searchproduct.TC_SEARCH_003" name="checkfunctionality" time="18.498"/>
</testsuite> <!-- searchproduct.TC_SEARCH_003 -->
