<?xml version="1.0" encoding="UTF-8"?>
<!-- Generated by org.testng.reporters.JUnitReportReporter -->
<testsuite hostname="Ravali" failures="0" tests="1" name="addtocart.TC_CART_001" time="21.658" errors="0" timestamp="23 Jul 2021 13:35:15 GMT" skipped="0">
  <testcase classname="addtocart.TC_CART_001" name="addcart" time="21.658"/>
</testsuite> <!-- addtocart.TC_CART_001 -->
