<?xml version="1.0" encoding="UTF-8"?>
<!-- Generated by org.testng.reporters.JUnitReportReporter -->
<testsuite hostname="Ravali" failures="0" tests="1" name="searchproduct.TC_SEARCH_006" time="28.066" errors="0" timestamp="23 Jul 2021 13:32:51 GMT" skipped="0">
  <testcase classname="searchproduct.TC_SEARCH_006" name="brandcheck" time="28.066"/>
</testsuite> <!-- searchproduct.TC_SEARCH_006 -->
