<?xml version="1.0" encoding="UTF-8"?>
<!-- Generated by org.testng.reporters.JUnitReportReporter -->
<testsuite hostname="Ravali" failures="0" tests="1" name="login.TC_LOGIN_001" time="17.595" errors="0" timestamp="23 Jul 2021 13:26:52 GMT" skipped="0">
  <testcase classname="login.TC_LOGIN_001" name="VerifyLogin" time="17.595"/>
</testsuite> <!-- login.TC_LOGIN_001 -->
