<?xml version="1.0" encoding="UTF-8"?>
<!-- Generated by org.testng.reporters.JUnitReportReporter -->
<testsuite hostname="Ravali" failures="0" tests="3" name="login.LoginWithExternalData" time="21.091" errors="0" timestamp="23 Jul 2021 13:25:58 GMT" skipped="0">
  <testcase classname="login.LoginWithExternalData" name="Login" time="6.272"/>
  <testcase classname="login.LoginWithExternalData" name="Login" time="9.385"/>
  <testcase classname="login.LoginWithExternalData" name="Login" time="5.434"/>
</testsuite> <!-- login.LoginWithExternalData -->
