<?xml version="1.0" encoding="UTF-8"?>
<!-- Generated by org.testng.reporters.JUnitReportReporter -->
<testsuite hostname="Ravali" failures="0" tests="1" name="searchproduct.TC_SEARCH_002" time="19.841" errors="0" timestamp="23 Jul 2021 13:30:00 GMT" skipped="0">
  <testcase classname="searchproduct.TC_SEARCH_002" name="checkfunctionality" time="19.841"/>
</testsuite> <!-- searchproduct.TC_SEARCH_002 -->
