<?xml version="1.0" encoding="UTF-8"?>
<!-- Generated by org.testng.reporters.JUnitReportReporter -->
<testsuite hostname="Ravali" failures="0" tests="1" name="login.TC_LOGIN_002" time="18.621" errors="0" timestamp="23 Jul 2021 13:27:31 GMT" skipped="0">
  <testcase classname="login.TC_LOGIN_002" name="VerifyLogin" time="18.621"/>
</testsuite> <!-- login.TC_LOGIN_002 -->
