<?xml version="1.0" encoding="UTF-8"?>
<!-- Generated by org.testng.reporters.JUnitReportReporter -->
<testsuite hostname="Ravali" failures="0" tests="1" name="searchproduct.TC_SEARCH_004" time="24.299" errors="0" timestamp="23 Jul 2021 13:31:21 GMT" skipped="0">
  <testcase classname="searchproduct.TC_SEARCH_004" name="checkfunctionality" time="24.299"/>
</testsuite> <!-- searchproduct.TC_SEARCH_004 -->
