<?xml version="1.0" encoding="UTF-8"?>
<!-- Generated by org.testng.reporters.JUnitReportReporter -->
<testsuite hostname="Ravali" failures="0" tests="1" name="customersupport.TC_CUSTOMERSUPPORT_002" time="20.779" errors="0" timestamp="23 Jul 2021 13:40:25 GMT" skipped="0">
  <testcase classname="customersupport.TC_CUSTOMERSUPPORT_002" name="clickable" time="20.779"/>
</testsuite> <!-- customersupport.TC_CUSTOMERSUPPORT_002 -->
