<?xml version="1.0" encoding="UTF-8"?>
<!-- Generated by org.testng.reporters.JUnitReportReporter -->
<testsuite hostname="Ravali" failures="0" tests="1" name="addtocart.TC_CART_002" time="18.083" errors="0" timestamp="23 Jul 2021 13:35:52 GMT" skipped="0">
  <testcase classname="addtocart.TC_CART_002" name="pricedetails" time="18.083"/>
</testsuite> <!-- addtocart.TC_CART_002 -->
