<?xml version="1.0" encoding="UTF-8"?>
<!-- Generated by org.testng.reporters.JUnitReportReporter -->
<testsuite hostname="Ravali" failures="0" tests="1" name="searchproduct.TC_SEARCH_008" time="24.546" errors="0" timestamp="23 Jul 2021 13:34:17 GMT" skipped="0">
  <testcase classname="searchproduct.TC_SEARCH_008" name="checkfunctionality" time="24.546"/>
</testsuite> <!-- searchproduct.TC_SEARCH_008 -->
