<?xml version="1.0" encoding="UTF-8"?>
<!-- Generated by org.testng.reporters.JUnitReportReporter -->
<testsuite hostname="Ravali" failures="0" tests="1" name="searchproduct.TC_SEARCH_007" time="22.963" errors="0" timestamp="23 Jul 2021 13:33:33 GMT" skipped="0">
  <testcase classname="searchproduct.TC_SEARCH_007" name="checkfunctionality" time="22.963"/>
</testsuite> <!-- searchproduct.TC_SEARCH_007 -->
