<?xml version="1.0" encoding="UTF-8"?>
<!-- Generated by org.testng.reporters.JUnitReportReporter -->
<testsuite hostname="Ravali" failures="0" tests="1" name="searchproduct.TC_SEARCH_005" time="21.842" errors="0" timestamp="23 Jul 2021 13:32:04 GMT" skipped="0">
  <testcase classname="searchproduct.TC_SEARCH_005" name="rating" time="21.842"/>
</testsuite> <!-- searchproduct.TC_SEARCH_005 -->
